Populatia initiala:
1: 00010010011101010111100 x= -3.42316 f= 15.7340408009895
2: 01101100011010100011100 x= -0.612033 f= 10.34262716941156
3: 00101100010101010111010 x= -2.614569 f= 20.093071159993016
4: 10001010010010011010000 x= 0.321488 f= 6.057338844904886
5: 01001110000001110110010 x= -1.561598 f= 16.754062307464622
6: 10100000010101000100010 x= 1.010287 f= 7.052071022808709
7: 01110101000111011000100 x= -0.340145 f= 8.668321555626452
8: 11001110000010000011111 x= 2.438507 f= 29.58505530605771
9: 01110100101100100101000 x= -0.353233 f= 8.7431785206713
10: 10110000111111111000011 x= 1.531192 f= 11.498833404451432
11: 00011010010111000111101 x= -3.176211 f= 17.927171693549518
12: 11101000101101001001011 x= 3.272045 f= 61.06208042179248
13: 00110001101111111010010 x= -2.445356 f= 20.09806531485432
14: 11100010000000001100011 x= 3.062595 f= 51.61365786389929
15: 11011110001110110010010 x= 2.94472 f= 46.77002161184204
16: 10010010100101111101101 x= 0.581037 f= 5.884824398764218
17: 11110010010100000101110 x= 3.57231 f= 76.58262852725738
18: 01110000100000011111100 x= -0.484134 f= 9.526219088881483
19: 01110011010101101010110 x= -0.39567 f= 8.990400229202738
20: 11011011100011100101100 x= 2.861127 f= 43.534957257125264

Populatia fara cromozomul elitist:
1: 00010010011101010111100 x= -3.42316 f= 15.7340408009895
2: 01101100011010100011100 x= -0.612033 f= 10.34262716941156
3: 00101100010101010111010 x= -2.614569 f= 20.093071159993016
4: 10001010010010011010000 x= 0.321488 f= 6.057338844904886
5: 01001110000001110110010 x= -1.561598 f= 16.754062307464622
6: 10100000010101000100010 x= 1.010287 f= 7.052071022808709
7: 01110101000111011000100 x= -0.340145 f= 8.668321555626452
8: 11001110000010000011111 x= 2.438507 f= 29.58505530605771
9: 01110100101100100101000 x= -0.353233 f= 8.7431785206713
10: 10110000111111111000011 x= 1.531192 f= 11.498833404451432
11: 00011010010111000111101 x= -3.176211 f= 17.927171693549518
12: 11101000101101001001011 x= 3.272045 f= 61.06208042179248
13: 00110001101111111010010 x= -2.445356 f= 20.09806531485432
14: 11100010000000001100011 x= 3.062595 f= 51.61365786389929
15: 11011110001110110010010 x= 2.94472 f= 46.77002161184204
16: 10010010100101111101101 x= 0.581037 f= 5.884824398764218
17: 01110000100000011111100 x= -0.484134 f= 9.526219088881483
18: 01110011010101101010110 x= -0.39567 f= 8.990400229202738
19: 11011011100011100101100 x= 2.861127 f= 43.534957257125264

Probabilitati selectie:
Cromozom 1 probabilitate 0.039341396825398126
Cromozom 2 probabilitate 0.025860705767546704
Cromozom 3 probabilitate 0.05024071666933358
Cromozom 4 probabilitate 0.015145770512322243
Cromozom 5 probabilitate 0.0418918586784114
Cromozom 6 probabilitate 0.01763299892623647
Cromozom 7 probabilitate 0.021674271882440137
Cromozom 8 probabilitate 0.0739744745560701
Cromozom 9 probabilitate 0.021861444243578866
Cromozom 10 probabilitate 0.028751683926306944
Cromozom 11 probabilitate 0.044825101477340874
Cromozom 12 probabilitate 0.15267963056934714
Cromozom 13 probabilitate 0.05025320405453177
Cromozom 14 probabilitate 0.12905479408101525
Cromozom 15 probabilitate 0.11694376562492505
Cromozom 16 probabilitate 0.014714415377962418
Cromozom 17 probabilitate 0.02381935894038102
Cromozom 18 probabilitate 0.022479597422549683
Cromozom 19 probabilitate 0.10885481046430227

Intervale probabilitati selectie:
0 0.039341396825398126 0.06520210259294483 0.11544281926227841 0.13058858977460064 0.17248044845301203 0.19011344737924848 0.21178771926168863 0.28576219381775875 0.30762363806133763 0.3363753219876446 0.38120042346498545 0.5338800540343326 0.5841332580888644 0.7131880521698797 0.8301318177948047 0.8448462331727671 0.8686655921131481 0.8911451895356978 1.0
u= 0.46318987866767025  selectam cromozomul 12
u= 0.2619506602641385  selectam cromozomul 8
u= 0.0008802193854557938  selectam cromozomul 1
u= 0.4729075220198048  selectam cromozomul 12
u= 0.631580072003391  selectam cromozomul 14
u= 0.886623753872132  selectam cromozomul 18
u= 0.13780081472402372  selectam cromozomul 5
u= 0.19624937456132874  selectam cromozomul 7
u= 0.2626502783937261  selectam cromozomul 8
u= 0.7792803384519434  selectam cromozomul 15
u= 0.7253229702176163  selectam cromozomul 15
u= 0.7708731250448922  selectam cromozomul 15
u= 0.06279438020048689  selectam cromozomul 2
u= 0.7801510380575678  selectam cromozomul 15
u= 0.3724598455900412  selectam cromozomul 11
u= 0.7861340169026728  selectam cromozomul 15
u= 0.03506051142607958  selectam cromozomul 1
u= 0.9213216944535748  selectam cromozomul 19
u= 0.17603790115183005  selectam cromozomul 6

Dupa selectie:
1: 11101000101101001001011 x= 3.272045 f= 61.06208042179248
2: 11001110000010000011111 x= 2.438507 f= 29.58505530605771
3: 00010010011101010111100 x= -3.42316 f= 15.7340408009895
4: 11101000101101001001011 x= 3.272045 f= 61.06208042179248
5: 11100010000000001100011 x= 3.062595 f= 51.61365786389929
6: 01110011010101101010110 x= -0.39567 f= 8.990400229202738
7: 01001110000001110110010 x= -1.561598 f= 16.754062307464622
8: 01110101000111011000100 x= -0.340145 f= 8.668321555626452
9: 11001110000010000011111 x= 2.438507 f= 29.58505530605771
10: 11011110001110110010010 x= 2.94472 f= 46.77002161184204
11: 11011110001110110010010 x= 2.94472 f= 46.77002161184204
12: 11011110001110110010010 x= 2.94472 f= 46.77002161184204
13: 01101100011010100011100 x= -0.612033 f= 10.34262716941156
14: 11011110001110110010010 x= 2.94472 f= 46.77002161184204
15: 00011010010111000111101 x= -3.176211 f= 17.927171693549518
16: 11011110001110110010010 x= 2.94472 f= 46.77002161184204
17: 00010010011101010111100 x= -3.42316 f= 15.7340408009895
18: 11011011100011100101100 x= 2.861127 f= 43.534957257125264
19: 10100000010101000100010 x= 1.010287 f= 7.052071022808709

Probabilitatea de recombinare/incrucisare 0.25:
1: 11101000101101001001011 u= 0.5268548096851385
2: 11001110000010000011111 u= 0.980984121638498
3: 00010010011101010111100 u= 0.48068056823391236
4: 11101000101101001001011 u= 0.24710350748505971 < 0.25 participa
5: 11100010000000001100011 u= 0.12422143296731192 < 0.25 participa
6: 01110011010101101010110 u= 0.08927440235438366 < 0.25 participa
7: 01001110000001110110010 u= 0.8513096594609629
8: 01110101000111011000100 u= 0.4410571433688789
9: 11001110000010000011111 u= 0.2844960279684614
10: 11011110001110110010010 u= 0.5231494500405325
11: 11011110001110110010010 u= 0.3349771041087215
12: 11011110001110110010010 u= 0.28903762197646254
13: 01101100011010100011100 u= 0.8566509618773812
14: 11011110001110110010010 u= 0.1628174825097647 < 0.25 participa
15: 00011010010111000111101 u= 0.21801871539728412 < 0.25 participa
16: 11011110001110110010010 u= 0.2380060295665798 < 0.25 participa
17: 00010010011101010111100 u= 0.7272708304323637
18: 11011011100011100101100 u= 0.8443221836570888
19: 10100000010101000100010 u= 0.5595764578943814

Recombinare dintre cromozomul 6 si cromozomul 4:
01110011010101101010110  11101000101101001001011 si punct de rupere (8, 17)
Rezultat   01110011101101001010110  11101000010101101001011

Recombinare dintre cromozomul 16 si cromozomul 15:
11011110001110110010010  00011010010111000111101 si punct de rupere (10, 11)
Rezultat   11011110000110110010010  00011010011111000111101

Recombinare dintre cromozomul 14 si cromozomul 5:
11011110001110110010010  11100010000000001100011 si punct de rupere (9, 13)
Rezultat   11011110000000110010010  11100010001110001100011
Dupa recombinare:
1: 11101000101101001001011 x= 3.272045 f= 61.06208042179248
2: 11001110000010000011111 x= 2.438507 f= 29.58505530605771
3: 00010010011101010111100 x= -3.42316 f= 15.7340408009895
4: 11101000010101101001011 x= 3.26057 f= 60.51582254840719
5: 11100010001110001100011 x= 3.069431 f= 51.904853668637585
6: 01110011101101001010110 x= -0.384195 f= 8.922887984502786
7: 01001110000001110110010 x= -1.561598 f= 16.754062307464622
8: 01110101000111011000100 x= -0.340145 f= 8.668321555626452
9: 11001110000010000011111 x= 2.438507 f= 29.58505530605771
10: 11011110001110110010010 x= 2.94472 f= 46.77002161184204
11: 11011110001110110010010 x= 2.94472 f= 46.77002161184204
12: 11011110001110110010010 x= 2.94472 f= 46.77002161184204
13: 01101100011010100011100 x= -0.612033 f= 10.34262716941156
14: 11011110000000110010010 x= 2.937884 f= 46.499305101255615
15: 00011010011111000111101 x= -3.172305 f= 17.955225356460723
16: 11011110000110110010010 x= 2.940814 f= 46.61520246362407
17: 00010010011101010111100 x= -3.42316 f= 15.7340408009895
18: 11011011100011100101100 x= 2.861127 f= 43.534957257125264
19: 10100000010101000100010 x= 1.010287 f= 7.052071022808709

Probabilitate de mutatie pentru fiecare gena 0.01
1: 11101000101101001001011 x= 3.272045 f= 61.06208042179248
2: 11001110000010000011111 x= 2.438507 f= 29.58505530605771
3: 00010010011101110111100 x= -3.422916 f= 15.736630455818531
4: 11101000101101001001011 x= 3.272045 f= 61.06208042179248
5: 11100010000000001100011 x= 3.062595 f= 51.61365786389929
6: 01110011010101101010110 x= -0.39567 f= 8.990400229202738
7: 01001110000001110110010 x= -1.561598 f= 16.754062307464622
8: 01110101000111011000100 x= -0.340145 f= 8.668321555626452
9: 11001110000010000011111 x= 2.438507 f= 29.58505530605771
10: 11011110001110110010010 x= 2.94472 f= 46.77002161184204
11: 11011110001110110010010 x= 2.94472 f= 46.77002161184204
12: 11011110001110110010010 x= 2.94472 f= 46.77002161184204
13: 01101100011010100011100 x= -0.612033 f= 10.34262716941156
14: 11011110001110110010010 x= 2.94472 f= 46.77002161184204
15: 00011010010111000111101 x= -3.176211 f= 17.927171693549518
16: 11011110001110110010010 x= 2.94472 f= 46.77002161184204
17: 00010010011101110111100 x= -3.422916 f= 15.736630455818531
18: 11011011100011100101100 x= 2.861127 f= 43.534957257125264
19: 10100000010101000100010 x= 1.010287 f= 7.052071022808709


Evolutia maximului si valoarea medie a performantei:
Generatia 1: Maximul de fitness 76.58262852725738 <--- --- ---> valoarea medie a generatiei 23.825931324977397
Generatia 2: Maximul de fitness 76.58262852725738 <--- --- ---> valoarea medie a generatiei 34.40417690264466
Generatia 3: Maximul de fitness 76.58262852725738 <--- --- ---> valoarea medie a generatiei 48.391508053310474
Generatia 4: Maximul de fitness 76.58262852725738 <--- --- ---> valoarea medie a generatiei 49.25075636859969
Generatia 5: Maximul de fitness 76.58262852725738 <--- --- ---> valoarea medie a generatiei 50.73901368388633
Generatia 6: Maximul de fitness 76.58262852725738 <--- --- ---> valoarea medie a generatiei 51.70774093429778
Generatia 7: Maximul de fitness 76.58262852725738 <--- --- ---> valoarea medie a generatiei 52.90670750000104
Generatia 8: Maximul de fitness 76.58262852725738 <--- --- ---> valoarea medie a generatiei 54.48572410142085
Generatia 9: Maximul de fitness 76.58262852725738 <--- --- ---> valoarea medie a generatiei 53.52893934832046
Generatia 10: Maximul de fitness 76.58262852725738 <--- --- ---> valoarea medie a generatiei 53.77112116092333
Generatia 11: Maximul de fitness 76.58262852725738 <--- --- ---> valoarea medie a generatiei 53.77112116092333
Generatia 12: Maximul de fitness 76.58262852725738 <--- --- ---> valoarea medie a generatiei 55.442508854521236
Generatia 13: Maximul de fitness 76.58262852725738 <--- --- ---> valoarea medie a generatiei 56.157111795018764
Generatia 14: Maximul de fitness 76.58262852725738 <--- --- ---> valoarea medie a generatiei 56.641475420224495
Generatia 15: Maximul de fitness 76.58262852725738 <--- --- ---> valoarea medie a generatiei 55.22421203654051
Generatia 16: Maximul de fitness 76.58262852725738 <--- --- ---> valoarea medie a generatiei 56.641475420224495
Generatia 17: Maximul de fitness 76.58262852725738 <--- --- ---> valoarea medie a generatiei 56.169054292329825
Generatia 18: Maximul de fitness 76.58262852725738 <--- --- ---> valoarea medie a generatiei 56.64155182207522
Generatia 19: Maximul de fitness 76.58262852725738 <--- --- ---> valoarea medie a generatiei 59.003705212705235
Generatia 20: Maximul de fitness 76.58262852725738 <--- --- ---> valoarea medie a generatiei 58.05884385645322
Generatia 21: Maximul de fitness 76.58262852725738 <--- --- ---> valoarea medie a generatiei 57.58641317832722
Generatia 22: Maximul de fitness 76.58262852725738 <--- --- ---> valoarea medie a generatiei 58.53127453457923
Generatia 23: Maximul de fitness 76.58262852725738 <--- --- ---> valoarea medie a generatiei 57.113982500201224
Generatia 24: Maximul de fitness 76.58262852725738 <--- --- ---> valoarea medie a generatiei 58.05884385645322
Generatia 25: Maximul de fitness 76.58262852725738 <--- --- ---> valoarea medie a generatiei 57.58641317832722
Generatia 26: Maximul de fitness 76.58262852725738 <--- --- ---> valoarea medie a generatiei 45.52834409562322
Generatia 27: Maximul de fitness 76.58262852725738 <--- --- ---> valoarea medie a generatiei 51.644573540312464
Generatia 28: Maximul de fitness 76.58262852725738 <--- --- ---> valoarea medie a generatiei 55.72205983677198
Generatia 29: Maximul de fitness 76.58262852725738 <--- --- ---> valoarea medie a generatiei 59.79954613323149
Generatia 30: Maximul de fitness 76.58262852725738 <--- --- ---> valoarea medie a generatiei 59.79954613323149
Generatia 31: Maximul de fitness 76.58262852725738 <--- --- ---> valoarea medie a generatiei 61.83828928146124
Generatia 32: Maximul de fitness 76.58262852725738 <--- --- ---> valoarea medie a generatiei 61.83828928146124
Generatia 33: Maximul de fitness 88.26691216402084 <--- --- ---> valoarea medie a generatiei 87.68269798218266
Generatia 34: Maximul de fitness 88.26691216402084 <--- --- ---> valoarea medie a generatiei 86.82356488238489
Generatia 35: Maximul de fitness 88.26691216402084 <--- --- ---> valoarea medie a generatiei 87.36004944756762
Generatia 36: Maximul de fitness 88.26691216402084 <--- --- ---> valoarea medie a generatiei 87.36004944756762
Generatia 37: Maximul de fitness 88.26691216402084 <--- --- ---> valoarea medie a generatiei 87.36004944756762
Generatia 38: Maximul de fitness 89.22849480328182 <--- --- ---> valoarea medie a generatiei 89.18041567131877
Generatia 39: Maximul de fitness 89.22849480328182 <--- --- ---> valoarea medie a generatiei 89.13191653496153
Generatia 40: Maximul de fitness 89.22849480328182 <--- --- ---> valoarea medie a generatiei 89.17997096078375
Generatia 41: Maximul de fitness 89.22849480328182 <--- --- ---> valoarea medie a generatiei 89.22802538660596
Generatia 42: Maximul de fitness 89.22849480328182 <--- --- ---> valoarea medie a generatiei 89.22802538660596
Generatia 43: Maximul de fitness 89.22849480328182 <--- --- ---> valoarea medie a generatiei 89.22796670964425
Generatia 44: Maximul de fitness 89.22849480328182 <--- --- ---> valoarea medie a generatiei 89.22796670964425
Generatia 45: Maximul de fitness 89.22849480328182 <--- --- ---> valoarea medie a generatiei 89.22796670964425
Generatia 46: Maximul de fitness 89.22849480328182 <--- --- ---> valoarea medie a generatiei 89.22796670964425
Generatia 47: Maximul de fitness 89.22849480328182 <--- --- ---> valoarea medie a generatiei 89.22796670964425
Generatia 48: Maximul de fitness 89.22849480328182 <--- --- ---> valoarea medie a generatiei 89.22796670964425
Generatia 49: Maximul de fitness 89.22849480328182 <--- --- ---> valoarea medie a generatiei 89.22796670964425
Generatia 50: Maximul de fitness 89.22849480328182 <--- --- ---> valoarea medie a generatiei 89.22796670964425
